# JRE version: Java(TM) SE Runtime Environment (8.0_241-b07) (build 1.8.0_241-b07)
# Java VM: Java HotSpot(TM) 64-Bit Server VM (25.241-b07 mixed mode windows-amd64 compressed oops)
Heap:
 PSYoungGen      total 1015808K, used 514775K [0x0000000780980000, 0x00000007c0000000, 0x00000007c0000000)
  eden space 997376K, 51% used [0x0000000780980000,0x000000079fffdc70,0x00000007bd780000)
  from space 18432K, 1% used [0x00000007bd780000,0x00000007bd7b8000,0x00000007be980000)
  to   space 17408K, 0% used [0x00000007bef00000,0x00000007bef00000,0x00000007c0000000)
 ParOldGen       total 284672K, used 121945K [0x0000000701c00000, 0x0000000713200000, 0x0000000780980000)
  object space 284672K, 42% used [0x0000000701c00000,0x00000007093167f8,0x0000000713200000)
 Metaspace       used 54988K, capacity 57860K, committed 58152K, reserved 1099776K
  class space    used 6652K, capacity 7685K, committed 7720K, reserved 1048576K
GC Heap History (10 events):
Event: 107.503 GC heap before
{Heap before GC invocations=59 (full 4):
 PSYoungGen      total 1005056K, used 984512K [0x0000000780980000, 0x00000007bfa80000, 0x00000007c0000000)
  eden space 984064K, 100% used [0x0000000780980000,0x00000007bca80000,0x00000007bca80000)
  from space 20992K, 2% used [0x00000007be600000,0x00000007be670000,0x00000007bfa80000)
  to   space 24576K, 0% used [0x00000007bca80000,0x00000007bca80000,0x00000007be280000)
 ParOldGen       total 284672K, used 119289K [0x0000000701c00000, 0x0000000713200000, 0x0000000780980000)
  object space 284672K, 41% used [0x0000000701c00000,0x000000070907e698,0x0000000713200000)
 Metaspace       used 54646K, capacity 57564K, committed 57896K, reserved 1099776K
  class space    used 6623K, capacity 7649K, committed 7720K, reserved 1048576K
Event: 107.506 GC heap after
Heap after GC invocations=59 (full 4):
 PSYoungGen      total 1008640K, used 1229K [0x0000000780980000, 0x00000007c0000000, 0x00000007c0000000)
  eden space 984064K, 0% used [0x0000000780980000,0x0000000780980000,0x00000007bca80000)
  from space 24576K, 5% used [0x00000007bca80000,0x00000007bcbb34d8,0x00000007be280000)
  to   space 23040K, 0% used [0x00000007be980000,0x00000007be980000,0x00000007c0000000)
 ParOldGen       total 284672K, used 119305K [0x0000000701c00000, 0x0000000713200000, 0x0000000780980000)
  object space 284672K, 41% used [0x0000000701c00000,0x0000000709082698,0x0000000713200000)
 Metaspace       used 54646K, capacity 57564K, committed 57896K, reserved 1099776K
  class space    used 6623K, capacity 7649K, committed 7720K, reserved 1048576K
}
Event: 107.535 GC heap before
{Heap before GC invocations=60 (full 4):
 PSYoungGen      total 1008640K, used 985293K [0x0000000780980000, 0x00000007c0000000, 0x00000007c0000000)
  eden space 984064K, 100% used [0x0000000780980000,0x00000007bca80000,0x00000007bca80000)
  from space 24576K, 5% used [0x00000007bca80000,0x00000007bcbb34d8,0x00000007be280000)
  to   space 23040K, 0% used [0x00000007be980000,0x00000007be980000,0x00000007c0000000)
 ParOldGen       total 284672K, used 119305K [0x0000000701c00000, 0x0000000713200000, 0x0000000780980000)
  object space 284672K, 41% used [0x0000000701c00000,0x0000000709082698,0x0000000713200000)
 Metaspace       used 54646K, capacity 57564K, committed 57896K, reserved 1099776K
  class space    used 6623K, capacity 7649K, committed 7720K, reserved 1048576K
Event: 107.538 GC heap after
Heap after GC invocations=60 (full 4):
 PSYoungGen      total 1009664K, used 384K [0x0000000780980000, 0x00000007bfb80000, 0x00000007c0000000)
  eden space 991232K, 0% used [0x0000000780980000,0x0000000780980000,0x00000007bd180000)
  from space 18432K, 2% used [0x00000007be980000,0x00000007be9e0000,0x00000007bfb80000)
  to   space 21504K, 0% used [0x00000007bd180000,0x00000007bd180000,0x00000007be680000)
 ParOldGen       total 284672K, used 120025K [0x0000000701c00000, 0x0000000713200000, 0x0000000780980000)
  object space 284672K, 42% used [0x0000000701c00000,0x0000000709136728,0x0000000713200000)
 Metaspace       used 54646K, capacity 57564K, committed 57896K, reserved 1099776K
  class space    used 6623K, capacity 7649K, committed 7720K, reserved 1048576K
}
Event: 107.571 GC heap before
{Heap before GC invocations=61 (full 4):
 PSYoungGen      total 1009664K, used 991616K [0x0000000780980000, 0x00000007bfb80000, 0x00000007c0000000)
  eden space 991232K, 100% used [0x0000000780980000,0x00000007bd180000,0x00000007bd180000)
  from space 18432K, 2% used [0x00000007be980000,0x00000007be9e0000,0x00000007bfb80000)
  to   space 21504K, 0% used [0x00000007bd180000,0x00000007bd180000,0x00000007be680000)
 ParOldGen       total 284672K, used 120025K [0x0000000701c00000, 0x0000000713200000, 0x0000000780980000)
  object space 284672K, 42% used [0x0000000701c00000,0x0000000709136728,0x0000000713200000)
 Metaspace       used 54646K, capacity 57564K, committed 57896K, reserved 1099776K
  class space    used 6623K, capacity 7649K, committed 7720K, reserved 1048576K
Event: 107.573 GC heap after
Heap after GC invocations=61 (full 4):
 PSYoungGen      total 1012736K, used 512K [0x0000000780980000, 0x00000007c0000000, 0x00000007c0000000)
  eden space 991232K, 0% used [0x0000000780980000,0x0000000780980000,0x00000007bd180000)
  from space 21504K, 2% used [0x00000007bd180000,0x00000007bd200000,0x00000007be680000)
  to   space 19968K, 0% used [0x00000007bec80000,0x00000007bec80000,0x00000007c0000000)
 ParOldGen       total 284672K, used 120057K [0x0000000701c00000, 0x0000000713200000, 0x0000000780980000)
  object space 284672K, 42% used [0x0000000701c00000,0x000000070913e728,0x0000000713200000)
 Metaspace       used 54646K, capacity 57564K, committed 57896K, reserved 1099776K
  class space    used 6623K, capacity 7649K, committed 7720K, reserved 1048576K
}
Event: 116.363 GC heap before
{Heap before GC invocations=62 (full 4):
 PSYoungGen      total 1012736K, used 991744K [0x0000000780980000, 0x00000007c0000000, 0x00000007c0000000)
  eden space 991232K, 100% used [0x0000000780980000,0x00000007bd180000,0x00000007bd180000)
  from space 21504K, 2% used [0x00000007bd180000,0x00000007bd200000,0x00000007be680000)
  to   space 19968K, 0% used [0x00000007bec80000,0x00000007bec80000,0x00000007c0000000)
 ParOldGen       total 284672K, used 120057K [0x0000000701c00000, 0x0000000713200000, 0x0000000780980000)
  object space 284672K, 42% used [0x0000000701c00000,0x000000070913e728,0x0000000713200000)
 Metaspace       used 54871K, capacity 57796K, committed 58152K, reserved 1099776K
  class space    used 6641K, capacity 7685K, committed 7720K, reserved 1048576K
Event: 116.366 GC heap after
Heap after GC invocations=62 (full 4):
 PSYoungGen      total 1012736K, used 2189K [0x0000000780980000, 0x00000007bfb80000, 0x00000007c0000000)
  eden space 997376K, 0% used [0x0000000780980000,0x0000000780980000,0x00000007bd780000)
  from space 15360K, 14% used [0x00000007bec80000,0x00000007beea34d8,0x00000007bfb80000)
  to   space 18432K, 0% used [0x00000007bd780000,0x00000007bd780000,0x00000007be980000)
 ParOldGen       total 284672K, used 120073K [0x0000000701c00000, 0x0000000713200000, 0x0000000780980000)
  object space 284672K, 42% used [0x0000000701c00000,0x0000000709142728,0x0000000713200000)
 Metaspace       used 54871K, capacity 57796K, committed 58152K, reserved 1099776K
  class space    used 6641K, capacity 7685K, committed 7720K, reserved 1048576K
}
Event: 121.229 GC heap before
{Heap before GC invocations=63 (full 4):
 PSYoungGen      total 1012736K, used 999565K [0x0000000780980000, 0x00000007bfb80000, 0x00000007c0000000)
  eden space 997376K, 100% used [0x0000000780980000,0x00000007bd780000,0x00000007bd780000)
  from space 15360K, 14% used [0x00000007bec80000,0x00000007beea34d8,0x00000007bfb80000)
  to   space 18432K, 0% used [0x00000007bd780000,0x00000007bd780000,0x00000007be980000)
 ParOldGen       total 284672K, used 120073K [0x0000000701c00000, 0x0000000713200000, 0x0000000780980000)
  object space 284672K, 42% used [0x0000000701c00000,0x0000000709142728,0x0000000713200000)
 Metaspace       used 54873K, capacity 57796K, committed 58152K, reserved 1099776K
  class space    used 6641K, capacity 7685K, committed 7720K, reserved 1048576K
Event: 121.231 GC heap after
Heap after GC invocations=63 (full 4):
 PSYoungGen      total 1015808K, used 224K [0x0000000780980000, 0x00000007c0000000, 0x00000007c0000000)
  eden space 997376K, 0% used [0x0000000780980000,0x0000000780980000,0x00000007bd780000)
  from space 18432K, 1% used [0x00000007bd780000,0x00000007bd7b8000,0x00000007be980000)
  to   space 17408K, 0% used [0x00000007bef00000,0x00000007bef00000,0x00000007c0000000)
 ParOldGen       total 284672K, used 121945K [0x0000000701c00000, 0x0000000713200000, 0x0000000780980000)
  object space 284672K, 42% used [0x0000000701c00000,0x00000007093167f8,0x0000000713200000)
 Metaspace       used 54873K, capacity 57796K, committed 58152K, reserved 1099776K
  class space    used 6641K, capacity 7685K, committed 7720K, reserved 1048576K
}

